[ERROR] 2020-08-24 23:43:20.956 [main] o.s.boot.SpringApplication - Application run failed
java.lang.NoClassDefFoundError: com/fasterxml/jackson/annotation/JsonCreator$Mode
	at java.base/java.lang.Class.getDeclaredConstructors0(Native Method)
	at java.base/java.lang.Class.privateGetDeclaredConstructors(Class.java:3143)
	at java.base/java.lang.Class.getDeclaredConstructors(Class.java:2363)
	at org.springframework.boot.context.properties.ConfigurationPropertiesBindConstructorProvider.findConstructorBindingAnnotatedConstructor(ConfigurationPropertiesBindConstructorProvider.java:62)
	at org.springframework.boot.context.properties.ConfigurationPropertiesBindConstructorProvider.getBindConstructor(ConfigurationPropertiesBindConstructorProvider.java:48)
	at org.springframework.boot.context.properties.ConfigurationPropertiesBean$BindMethod.forType(ConfigurationPropertiesBean.java:311)
	at org.springframework.boot.context.properties.ConfigurationPropertiesBeanDefinitionValidator.validate(ConfigurationPropertiesBeanDefinitionValidator.java:63)
	at org.springframework.boot.context.properties.ConfigurationPropertiesBeanDefinitionValidator.postProcessBeanFactory(ConfigurationPropertiesBeanDefinitionValidator.java:45)
	at org.springframework.context.support.PostProcessorRegistrationDelegate.invokeBeanFactoryPostProcessors(PostProcessorRegistrationDelegate.java:286)
	at org.springframework.context.support.PostProcessorRegistrationDelegate.invokeBeanFactoryPostProcessors(PostProcessorRegistrationDelegate.java:174)
	at org.springframework.context.support.AbstractApplicationContext.invokeBeanFactoryPostProcessors(AbstractApplicationContext.java:706)
	at org.springframework.context.support.AbstractApplicationContext.refresh(AbstractApplicationContext.java:532)
	at org.springframework.boot.web.servlet.context.ServletWebServerApplicationContext.refresh(ServletWebServerApplicationContext.java:141)
	at org.springframework.boot.SpringApplication.refresh(SpringApplication.java:747)
	at org.springframework.boot.SpringApplication.refreshContext(SpringApplication.java:397)
	at org.springframework.boot.SpringApplication.run(SpringApplication.java:315)
	at org.springframework.boot.SpringApplication.run(SpringApplication.java:1226)
	at org.springframework.boot.SpringApplication.run(SpringApplication.java:1215)
	at com.EXWUYA.TestArea.main(TestArea.java:33)
Caused by: java.lang.ClassNotFoundException: com.fasterxml.jackson.annotation.JsonCreator$Mode
	at java.base/jdk.internal.loader.BuiltinClassLoader.loadClass(BuiltinClassLoader.java:583)
	at java.base/jdk.internal.loader.ClassLoaders$AppClassLoader.loadClass(ClassLoaders.java:178)
	at java.base/java.lang.ClassLoader.loadClass(ClassLoader.java:521)
	... 19 common frames omitted
[ERROR] 2020-08-24 23:43:56.460 [main] o.s.boot.SpringApplication - Application run failed
java.lang.NoClassDefFoundError: com/fasterxml/jackson/annotation/JsonCreator$Mode
	at java.base/java.lang.Class.getDeclaredConstructors0(Native Method)
	at java.base/java.lang.Class.privateGetDeclaredConstructors(Class.java:3143)
	at java.base/java.lang.Class.getDeclaredConstructors(Class.java:2363)
	at org.springframework.boot.context.properties.ConfigurationPropertiesBindConstructorProvider.findConstructorBindingAnnotatedConstructor(ConfigurationPropertiesBindConstructorProvider.java:62)
	at org.springframework.boot.context.properties.ConfigurationPropertiesBindConstructorProvider.getBindConstructor(ConfigurationPropertiesBindConstructorProvider.java:48)
	at org.springframework.boot.context.properties.ConfigurationPropertiesBean$BindMethod.forType(ConfigurationPropertiesBean.java:311)
	at org.springframework.boot.context.properties.ConfigurationPropertiesBeanDefinitionValidator.validate(ConfigurationPropertiesBeanDefinitionValidator.java:63)
	at org.springframework.boot.context.properties.ConfigurationPropertiesBeanDefinitionValidator.postProcessBeanFactory(ConfigurationPropertiesBeanDefinitionValidator.java:45)
	at org.springframework.context.support.PostProcessorRegistrationDelegate.invokeBeanFactoryPostProcessors(PostProcessorRegistrationDelegate.java:286)
	at org.springframework.context.support.PostProcessorRegistrationDelegate.invokeBeanFactoryPostProcessors(PostProcessorRegistrationDelegate.java:174)
	at org.springframework.context.support.AbstractApplicationContext.invokeBeanFactoryPostProcessors(AbstractApplicationContext.java:706)
	at org.springframework.context.support.AbstractApplicationContext.refresh(AbstractApplicationContext.java:532)
	at org.springframework.boot.web.servlet.context.ServletWebServerApplicationContext.refresh(ServletWebServerApplicationContext.java:141)
	at org.springframework.boot.SpringApplication.refresh(SpringApplication.java:747)
	at org.springframework.boot.SpringApplication.refreshContext(SpringApplication.java:397)
	at org.springframework.boot.SpringApplication.run(SpringApplication.java:315)
	at org.springframework.boot.SpringApplication.run(SpringApplication.java:1226)
	at org.springframework.boot.SpringApplication.run(SpringApplication.java:1215)
	at com.EXWUYA.TestArea.main(TestArea.java:33)
Caused by: java.lang.ClassNotFoundException: com.fasterxml.jackson.annotation.JsonCreator$Mode
	at java.base/jdk.internal.loader.BuiltinClassLoader.loadClass(BuiltinClassLoader.java:583)
	at java.base/jdk.internal.loader.ClassLoaders$AppClassLoader.loadClass(ClassLoaders.java:178)
	at java.base/java.lang.ClassLoader.loadClass(ClassLoader.java:521)
	... 19 common frames omitted
[ERROR] 2020-08-24 23:49:05.656 [main] o.s.boot.SpringApplication - Application run failed
java.lang.NoClassDefFoundError: com/fasterxml/jackson/annotation/JsonCreator$Mode
	at java.base/java.lang.Class.getDeclaredConstructors0(Native Method)
	at java.base/java.lang.Class.privateGetDeclaredConstructors(Class.java:3143)
	at java.base/java.lang.Class.getDeclaredConstructors(Class.java:2363)
	at org.springframework.boot.context.properties.ConfigurationPropertiesBindConstructorProvider.findConstructorBindingAnnotatedConstructor(ConfigurationPropertiesBindConstructorProvider.java:62)
	at org.springframework.boot.context.properties.ConfigurationPropertiesBindConstructorProvider.getBindConstructor(ConfigurationPropertiesBindConstructorProvider.java:48)
	at org.springframework.boot.context.properties.ConfigurationPropertiesBean$BindMethod.forType(ConfigurationPropertiesBean.java:311)
	at org.springframework.boot.context.properties.ConfigurationPropertiesBeanDefinitionValidator.validate(ConfigurationPropertiesBeanDefinitionValidator.java:63)
	at org.springframework.boot.context.properties.ConfigurationPropertiesBeanDefinitionValidator.postProcessBeanFactory(ConfigurationPropertiesBeanDefinitionValidator.java:45)
	at org.springframework.context.support.PostProcessorRegistrationDelegate.invokeBeanFactoryPostProcessors(PostProcessorRegistrationDelegate.java:286)
	at org.springframework.context.support.PostProcessorRegistrationDelegate.invokeBeanFactoryPostProcessors(PostProcessorRegistrationDelegate.java:174)
	at org.springframework.context.support.AbstractApplicationContext.invokeBeanFactoryPostProcessors(AbstractApplicationContext.java:706)
	at org.springframework.context.support.AbstractApplicationContext.refresh(AbstractApplicationContext.java:532)
	at org.springframework.boot.web.servlet.context.ServletWebServerApplicationContext.refresh(ServletWebServerApplicationContext.java:141)
	at org.springframework.boot.SpringApplication.refresh(SpringApplication.java:747)
	at org.springframework.boot.SpringApplication.refreshContext(SpringApplication.java:397)
	at org.springframework.boot.SpringApplication.run(SpringApplication.java:315)
	at org.springframework.boot.SpringApplication.run(SpringApplication.java:1226)
	at org.springframework.boot.SpringApplication.run(SpringApplication.java:1215)
	at com.EXWUYA.TestArea.main(TestArea.java:33)
Caused by: java.lang.ClassNotFoundException: com.fasterxml.jackson.annotation.JsonCreator$Mode
	at java.base/jdk.internal.loader.BuiltinClassLoader.loadClass(BuiltinClassLoader.java:583)
	at java.base/jdk.internal.loader.ClassLoaders$AppClassLoader.loadClass(ClassLoaders.java:178)
	at java.base/java.lang.ClassLoader.loadClass(ClassLoader.java:521)
	... 19 common frames omitted
[ERROR] 2020-08-24 23:53:37.435 [main] o.s.boot.SpringApplication - Application run failed
java.lang.NoClassDefFoundError: com/fasterxml/jackson/annotation/JsonCreator$Mode
	at java.base/java.lang.Class.getDeclaredConstructors0(Native Method)
	at java.base/java.lang.Class.privateGetDeclaredConstructors(Class.java:3143)
	at java.base/java.lang.Class.getDeclaredConstructors(Class.java:2363)
	at org.springframework.boot.context.properties.ConfigurationPropertiesBindConstructorProvider.findConstructorBindingAnnotatedConstructor(ConfigurationPropertiesBindConstructorProvider.java:62)
	at org.springframework.boot.context.properties.ConfigurationPropertiesBindConstructorProvider.getBindConstructor(ConfigurationPropertiesBindConstructorProvider.java:48)
	at org.springframework.boot.context.properties.ConfigurationPropertiesBean$BindMethod.forType(ConfigurationPropertiesBean.java:311)
	at org.springframework.boot.context.properties.ConfigurationPropertiesBeanDefinitionValidator.validate(ConfigurationPropertiesBeanDefinitionValidator.java:63)
	at org.springframework.boot.context.properties.ConfigurationPropertiesBeanDefinitionValidator.postProcessBeanFactory(ConfigurationPropertiesBeanDefinitionValidator.java:45)
	at org.springframework.context.support.PostProcessorRegistrationDelegate.invokeBeanFactoryPostProcessors(PostProcessorRegistrationDelegate.java:286)
	at org.springframework.context.support.PostProcessorRegistrationDelegate.invokeBeanFactoryPostProcessors(PostProcessorRegistrationDelegate.java:174)
	at org.springframework.context.support.AbstractApplicationContext.invokeBeanFactoryPostProcessors(AbstractApplicationContext.java:706)
	at org.springframework.context.support.AbstractApplicationContext.refresh(AbstractApplicationContext.java:532)
	at org.springframework.boot.web.servlet.context.ServletWebServerApplicationContext.refresh(ServletWebServerApplicationContext.java:141)
	at org.springframework.boot.SpringApplication.refresh(SpringApplication.java:747)
	at org.springframework.boot.SpringApplication.refreshContext(SpringApplication.java:397)
	at org.springframework.boot.SpringApplication.run(SpringApplication.java:315)
	at org.springframework.boot.SpringApplication.run(SpringApplication.java:1226)
	at org.springframework.boot.SpringApplication.run(SpringApplication.java:1215)
	at com.EXWUYA.TestArea.main(TestArea.java:33)
Caused by: java.lang.ClassNotFoundException: com.fasterxml.jackson.annotation.JsonCreator$Mode
	at java.base/jdk.internal.loader.BuiltinClassLoader.loadClass(BuiltinClassLoader.java:583)
	at java.base/jdk.internal.loader.ClassLoaders$AppClassLoader.loadClass(ClassLoaders.java:178)
	at java.base/java.lang.ClassLoader.loadClass(ClassLoader.java:521)
	... 19 common frames omitted
